<?xml version="1.0" encoding="UTF-8" ?>
<testsuite failures="1" time="58.036" errors="0" skipped="0" tests="2" name="TestSuite">
  <properties>
    <property name="java.runtime.name" value="Java(TM) SE Runtime Environment"/>
    <property name="sun.boot.library.path" value="C:\Program Files\Java\jre7\bin"/>
    <property name="java.vm.version" value="23.25-b01"/>
    <property name="user.country.format" value="RU"/>
    <property name="java.vm.vendor" value="Oracle Corporation"/>
    <property name="java.vendor.url" value="http://java.oracle.com/"/>
    <property name="path.separator" value=";"/>
    <property name="java.vm.name" value="Java HotSpot(TM) Client VM"/>
    <property name="file.encoding.pkg" value="sun.io"/>
    <property name="user.script" value=""/>
    <property name="user.country" value="US"/>
    <property name="sun.java.launcher" value="SUN_STANDARD"/>
    <property name="sun.os.patch.level" value="Service Pack 1"/>
    <property name="java.vm.specification.name" value="Java Virtual Machine Specification"/>
    <property name="user.dir" value="C:\Users\Karyna_Tarasenko@epam.com\Documents\GitHub\framework0811-master\framework0811-master"/>
    <property name="java.runtime.version" value="1.7.0_25-b17"/>
    <property name="java.awt.graphicsenv" value="sun.awt.Win32GraphicsEnvironment"/>
    <property name="basedir" value="C:\Users\Karyna_Tarasenko@epam.com\Documents\GitHub\framework0811-master\framework0811-master"/>
    <property name="java.endorsed.dirs" value="C:\Program Files\Java\jre7\lib\endorsed"/>
    <property name="os.arch" value="x86"/>
    <property name="surefire.real.class.path" value="C:\Users\KARYNA~1.COM\AppData\Local\Temp\surefirebooter5358987636456638313.jar"/>
    <property name="java.io.tmpdir" value="C:\Users\KARYNA~1.COM\AppData\Local\Temp\"/>
    <property name="line.separator" value="
"/>
    <property name="java.vm.specification.vendor" value="Oracle Corporation"/>
    <property name="user.variant" value=""/>
    <property name="os.name" value="Windows 7"/>
    <property name="sun.jnu.encoding" value="Cp1251"/>
    <property name="java.library.path" value="C:\Program Files\Java\jre7\bin;C:\WINDOWS\Sun\Java\bin;C:\WINDOWS\system32;C:\WINDOWS;C:/Program Files/Java/jre7/bin/client;C:/Program Files/Java/jre7/bin;C:/Program Files/Java/jre7/lib/i386;C:\WINDOWS\system32;C:\WINDOWS;C:\WINDOWS\System32\Wbem;C:\WINDOWS\System32\WindowsPowerShell\v1.0\;C:\Program Files\TortoiseSVN\bin;C:\Program Files\Microsoft SQL Server\100\Tools\Binn\;C:\Program Files\Microsoft SQL Server\100\DTS\Binn\;C:\Program Files\Microsoft SQL Server\110\Tools\Binn\;C:\apache-jmeter-2.9\bin; C:\Users\Karyna_Tarasenko@epam.com\maven\bin;C:\Program Files\TortoiseGit\bin;C:\Program Files\Git\cmd;%M2%; C:\Program Files\Java\jdk1.7.0_25\jre;C:\Users\Karyna_Tarasenko@epam.com\maven\bin;D:\eclipse-java-kepler-SR1-win32\eclipse;;."/>
    <property name="surefire.test.class.path" value="C:\Users\Karyna_Tarasenko@epam.com\Documents\GitHub\framework0811-master\framework0811-master\target\test-classes;C:\Users\Karyna_Tarasenko@epam.com\Documents\GitHub\framework0811-master\framework0811-master\target\classes;C:\Users\Karyna_Tarasenko@epam.com\.m2\repository\org\apache\maven\plugins\maven-surefire-plugin\2.16\maven-surefire-plugin-2.16.jar;C:\Users\Karyna_Tarasenko@epam.com\.m2\repository\org\apache\maven\maven-plugin-api\2.0.9\maven-plugin-api-2.0.9.jar;C:\Users\Karyna_Tarasenko@epam.com\.m2\repository\org\apache\maven\surefire\maven-surefire-common\2.16\maven-surefire-common-2.16.jar;C:\Users\Karyna_Tarasenko@epam.com\.m2\repository\org\apache\maven\surefire\surefire-booter\2.16\surefire-booter-2.16.jar;C:\Users\Karyna_Tarasenko@epam.com\.m2\repository\org\apache\maven\maven-artifact\2.0.9\maven-artifact-2.0.9.jar;C:\Users\Karyna_Tarasenko@epam.com\.m2\repository\org\codehaus\plexus\plexus-utils\1.5.1\plexus-utils-1.5.1.jar;C:\Users\Karyna_Tarasenko@epam.com\.m2\repository\org\apache\maven\maven-plugin-descriptor\2.0.9\maven-plugin-descriptor-2.0.9.jar;C:\Users\Karyna_Tarasenko@epam.com\.m2\repository\org\codehaus\plexus\plexus-container-default\1.0-alpha-9-stable-1\plexus-container-default-1.0-alpha-9-stable-1.jar;C:\Users\Karyna_Tarasenko@epam.com\.m2\repository\org\apache\maven\maven-project\2.0.9\maven-project-2.0.9.jar;C:\Users\Karyna_Tarasenko@epam.com\.m2\repository\org\apache\maven\maven-settings\2.0.9\maven-settings-2.0.9.jar;C:\Users\Karyna_Tarasenko@epam.com\.m2\repository\org\apache\maven\maven-profile\2.0.9\maven-profile-2.0.9.jar;C:\Users\Karyna_Tarasenko@epam.com\.m2\repository\org\apache\maven\maven-artifact-manager\2.0.9\maven-artifact-manager-2.0.9.jar;C:\Users\Karyna_Tarasenko@epam.com\.m2\repository\org\apache\maven\maven-plugin-registry\2.0.9\maven-plugin-registry-2.0.9.jar;C:\Users\Karyna_Tarasenko@epam.com\.m2\repository\org\apache\maven\maven-model\2.0.9\maven-model-2.0.9.jar;C:\Users\Karyna_Tarasenko@epam.com\.m2\repository\org\apache\maven\maven-core\2.0.9\maven-core-2.0.9.jar;C:\Users\Karyna_Tarasenko@epam.com\.m2\repository\org\apache\maven\maven-plugin-parameter-documenter\2.0.9\maven-plugin-parameter-documenter-2.0.9.jar;C:\Users\Karyna_Tarasenko@epam.com\.m2\repository\org\apache\maven\reporting\maven-reporting-api\2.0.9\maven-reporting-api-2.0.9.jar;C:\Users\Karyna_Tarasenko@epam.com\.m2\repository\org\apache\maven\wagon\wagon-provider-api\1.0-beta-2\wagon-provider-api-1.0-beta-2.jar;C:\Users\Karyna_Tarasenko@epam.com\.m2\repository\org\apache\maven\maven-repository-metadata\2.0.9\maven-repository-metadata-2.0.9.jar;C:\Users\Karyna_Tarasenko@epam.com\.m2\repository\org\apache\maven\maven-error-diagnostics\2.0.9\maven-error-diagnostics-2.0.9.jar;C:\Users\Karyna_Tarasenko@epam.com\.m2\repository\org\apache\maven\maven-monitor\2.0.9\maven-monitor-2.0.9.jar;C:\Users\Karyna_Tarasenko@epam.com\.m2\repository\classworlds\classworlds\1.1\classworlds-1.1.jar;C:\Users\Karyna_Tarasenko@epam.com\.m2\repository\org\apache\commons\commons-lang3\3.1\commons-lang3-3.1.jar;C:\Users\Karyna_Tarasenko@epam.com\.m2\repository\org\apache\maven\surefire\surefire-api\2.16\surefire-api-2.16.jar;C:\Users\Karyna_Tarasenko@epam.com\.m2\repository\org\apache\maven\maven-toolchain\2.0.9\maven-toolchain-2.0.9.jar;C:\Users\Karyna_Tarasenko@epam.com\.m2\repository\org\apache\maven\plugin-tools\maven-plugin-annotations\3.2\maven-plugin-annotations-3.2.jar;C:\Users\Karyna_Tarasenko@epam.com\.m2\repository\org\seleniumhq\selenium\jetty-repacked\7.6.1\jetty-repacked-7.6.1.jar;C:\Users\Karyna_Tarasenko@epam.com\.m2\repository\org\seleniumhq\selenium\selenium-server\2.35.0\selenium-server-2.35.0.jar;C:\Users\Karyna_Tarasenko@epam.com\.m2\repository\org\bouncycastle\bcprov-jdk15on\1.48\bcprov-jdk15on-1.48.jar;C:\Users\Karyna_Tarasenko@epam.com\.m2\repository\org\bouncycastle\bcpkix-jdk15on\1.48\bcpkix-jdk15on-1.48.jar;C:\Users\Karyna_Tarasenko@epam.com\.m2\repository\mx4j\mx4j-tools\3.0.1\mx4j-tools-3.0.1.jar;C:\Users\Karyna_Tarasenko@epam.com\.m2\repository\org\mortbay\jetty\servlet-api-2.5\6.1.9\servlet-api-2.5-6.1.9.jar;C:\Users\Karyna_Tarasenko@epam.com\.m2\repository\net\jcip\jcip-annotations\1.0\jcip-annotations-1.0.jar;C:\Users\Karyna_Tarasenko@epam.com\.m2\repository\org\seleniumhq\selenium\selenium-java\2.35.0\selenium-java-2.35.0.jar;C:\Users\Karyna_Tarasenko@epam.com\.m2\repository\org\seleniumhq\selenium\selenium-android-driver\2.35.0\selenium-android-driver-2.35.0.jar;C:\Users\Karyna_Tarasenko@epam.com\.m2\repository\org\seleniumhq\selenium\selenium-remote-driver\2.35.0\selenium-remote-driver-2.35.0.jar;C:\Users\Karyna_Tarasenko@epam.com\.m2\repository\cglib\cglib-nodep\2.1_3\cglib-nodep-2.1_3.jar;C:\Users\Karyna_Tarasenko@epam.com\.m2\repository\org\json\json\20080701\json-20080701.jar;C:\Users\Karyna_Tarasenko@epam.com\.m2\repository\org\seleniumhq\selenium\selenium-chrome-driver\2.35.0\selenium-chrome-driver-2.35.0.jar;C:\Users\Karyna_Tarasenko@epam.com\.m2\repository\org\seleniumhq\selenium\selenium-htmlunit-driver\2.35.0\selenium-htmlunit-driver-2.35.0.jar;C:\Users\Karyna_Tarasenko@epam.com\.m2\repository\net\sourceforge\htmlunit\htmlunit\2.12\htmlunit-2.12.jar;C:\Users\Karyna_Tarasenko@epam.com\.m2\repository\xalan\xalan\2.7.1\xalan-2.7.1.jar;C:\Users\Karyna_Tarasenko@epam.com\.m2\repository\xalan\serializer\2.7.1\serializer-2.7.1.jar;C:\Users\Karyna_Tarasenko@epam.com\.m2\repository\commons-collections\commons-collections\3.2.1\commons-collections-3.2.1.jar;C:\Users\Karyna_Tarasenko@epam.com\.m2\repository\org\apache\httpcomponents\httpmime\4.2.3\httpmime-4.2.3.jar;C:\Users\Karyna_Tarasenko@epam.com\.m2\repository\net\sourceforge\htmlunit\htmlunit-core-js\2.12\htmlunit-core-js-2.12.jar;C:\Users\Karyna_Tarasenko@epam.com\.m2\repository\xerces\xercesImpl\2.10.0\xercesImpl-2.10.0.jar;C:\Users\Karyna_Tarasenko@epam.com\.m2\repository\xml-apis\xml-apis\1.4.01\xml-apis-1.4.01.jar;C:\Users\Karyna_Tarasenko@epam.com\.m2\repository\net\sourceforge\nekohtml\nekohtml\1.9.18\nekohtml-1.9.18.jar;C:\Users\Karyna_Tarasenko@epam.com\.m2\repository\net\sourceforge\cssparser\cssparser\0.9.9\cssparser-0.9.9.jar;C:\Users\Karyna_Tarasenko@epam.com\.m2\repository\org\w3c\css\sac\1.3\sac-1.3.jar;C:\Users\Karyna_Tarasenko@epam.com\.m2\repository\commons-logging\commons-logging\1.1.1\commons-logging-1.1.1.jar;C:\Users\Karyna_Tarasenko@epam.com\.m2\repository\org\eclipse\jetty\jetty-websocket\8.1.9.v20130131\jetty-websocket-8.1.9.v20130131.jar;C:\Users\Karyna_Tarasenko@epam.com\.m2\repository\org\eclipse\jetty\jetty-util\8.1.9.v20130131\jetty-util-8.1.9.v20130131.jar;C:\Users\Karyna_Tarasenko@epam.com\.m2\repository\org\eclipse\jetty\jetty-io\8.1.9.v20130131\jetty-io-8.1.9.v20130131.jar;C:\Users\Karyna_Tarasenko@epam.com\.m2\repository\org\eclipse\jetty\jetty-http\8.1.9.v20130131\jetty-http-8.1.9.v20130131.jar;C:\Users\Karyna_Tarasenko@epam.com\.m2\repository\org\apache\httpcomponents\httpclient\4.2.1\httpclient-4.2.1.jar;C:\Users\Karyna_Tarasenko@epam.com\.m2\repository\org\apache\httpcomponents\httpcore\4.2.1\httpcore-4.2.1.jar;C:\Users\Karyna_Tarasenko@epam.com\.m2\repository\org\seleniumhq\selenium\selenium-firefox-driver\2.35.0\selenium-firefox-driver-2.35.0.jar;C:\Users\Karyna_Tarasenko@epam.com\.m2\repository\commons-io\commons-io\2.2\commons-io-2.2.jar;C:\Users\Karyna_Tarasenko@epam.com\.m2\repository\org\seleniumhq\selenium\selenium-ie-driver\2.35.0\selenium-ie-driver-2.35.0.jar;C:\Users\Karyna_Tarasenko@epam.com\.m2\repository\net\java\dev\jna\jna\3.4.0\jna-3.4.0.jar;C:\Users\Karyna_Tarasenko@epam.com\.m2\repository\net\java\dev\jna\platform\3.4.0\platform-3.4.0.jar;C:\Users\Karyna_Tarasenko@epam.com\.m2\repository\org\seleniumhq\selenium\selenium-iphone-driver\2.35.0\selenium-iphone-driver-2.35.0.jar;C:\Users\Karyna_Tarasenko@epam.com\.m2\repository\org\seleniumhq\selenium\selenium-safari-driver\2.35.0\selenium-safari-driver-2.35.0.jar;C:\Users\Karyna_Tarasenko@epam.com\.m2\repository\org\seleniumhq\selenium\selenium-support\2.35.0\selenium-support-2.35.0.jar;C:\Users\Karyna_Tarasenko@epam.com\.m2\repository\org\seleniumhq\selenium\selenium-api\2.35.0\selenium-api-2.35.0.jar;C:\Users\Karyna_Tarasenko@epam.com\.m2\repository\org\webbitserver\webbit\0.4.14\webbit-0.4.14.jar;C:\Users\Karyna_Tarasenko@epam.com\.m2\repository\io\netty\netty\3.5.2.Final\netty-3.5.2.Final.jar;C:\Users\Karyna_Tarasenko@epam.com\.m2\repository\org\yaml\snakeyaml\1.8\snakeyaml-1.8.jar;C:\Users\Karyna_Tarasenko@epam.com\.m2\repository\commons-codec\commons-codec\1.6\commons-codec-1.6.jar;C:\Users\Karyna_Tarasenko@epam.com\.m2\repository\org\apache\poi\poi\3.10-beta2\poi-3.10-beta2.jar;C:\Users\Karyna_Tarasenko@epam.com\.m2\repository\com\opera\operadriver\1.5\operadriver-1.5.jar;C:\Users\Karyna_Tarasenko@epam.com\.m2\repository\com\opera\operalaunchers\1.1\operalaunchers-1.1.jar;C:\Users\Karyna_Tarasenko@epam.com\.m2\repository\com\google\protobuf\protobuf-java\2.4.1\protobuf-java-2.4.1.jar;C:\Users\Karyna_Tarasenko@epam.com\.m2\repository\com\google\guava\guava\14.0\guava-14.0.jar;C:\Users\Karyna_Tarasenko@epam.com\.m2\repository\commons-jxpath\commons-jxpath\1.3\commons-jxpath-1.3.jar;C:\Users\Karyna_Tarasenko@epam.com\.m2\repository\org\apache\commons\commons-exec\1.1\commons-exec-1.1.jar;C:\Users\Karyna_Tarasenko@epam.com\.m2\repository\org\ini4j\ini4j\0.5.2\ini4j-0.5.2.jar;C:\Users\Karyna_Tarasenko@epam.com\.m2\repository\org\seleniumhq\webdriver\webdriver-common\0.9.7089\webdriver-common-0.9.7089.jar;C:\Users\Karyna_Tarasenko@epam.com\.m2\repository\org\seleniumhq\webdriver\webdriver-selenium\0.9.7376\webdriver-selenium-0.9.7376.jar;C:\Users\Karyna_Tarasenko@epam.com\.m2\repository\org\seleniumhq\selenium\client-drivers\selenium-java-client-driver\1.0.1\selenium-java-client-driver-1.0.1.jar;C:\Users\Karyna_Tarasenko@epam.com\.m2\repository\org\apache\maven\surefire\surefire-junit\2.4.2\surefire-junit-2.4.2.jar;C:\Users\Karyna_Tarasenko@epam.com\.m2\repository\jexcelapi\jxl\2.4.2\jxl-2.4.2.jar;C:\Users\Karyna_Tarasenko@epam.com\.m2\repository\org\testng\testng\6.1.1\testng-6.1.1.jar;C:\Users\Karyna_Tarasenko@epam.com\.m2\repository\org\beanshell\bsh\2.0b4\bsh-2.0b4.jar;C:\Users\Karyna_Tarasenko@epam.com\.m2\repository\com\beust\jcommander\1.12\jcommander-1.12.jar;C:\Users\Karyna_Tarasenko@epam.com\.m2\repository\junit\junit\4.8.1\junit-4.8.1.jar;C:\Users\Karyna_Tarasenko@epam.com\.m2\repository\org\fitnesse\fitnesse\20081201\fitnesse-20081201.jar;C:\Users\Karyna_Tarasenko@epam.com\.m2\repository\org\uncommons\reportng\1.1.2\reportng-1.1.2.jar;C:\Users\Karyna_Tarasenko@epam.com\.m2\repository\velocity\velocity\1.4\velocity-1.4.jar;C:\Users\Karyna_Tarasenko@epam.com\.m2\repository\velocity\velocity-dep\1.4\velocity-dep-1.4.jar;C:\Users\Karyna_Tarasenko@epam.com\.m2\repository\com\google\inject\guice\3.0\guice-3.0.jar;C:\Users\Karyna_Tarasenko@epam.com\.m2\repository\javax\inject\javax.inject\1\javax.inject-1.jar;C:\Users\Karyna_Tarasenko@epam.com\.m2\repository\aopalliance\aopalliance\1.0\aopalliance-1.0.jar;"/>
    <property name="java.specification.name" value="Java Platform API Specification"/>
    <property name="java.class.version" value="51.0"/>
    <property name="sun.management.compiler" value="HotSpot Client Compiler"/>
    <property name="os.version" value="6.1"/>
    <property name="user.home" value="C:\Users\Karyna_Tarasenko@epam.com"/>
    <property name="user.timezone" value="Europe/Helsinki"/>
    <property name="java.awt.printerjob" value="sun.awt.windows.WPrinterJob"/>
    <property name="java.specification.version" value="1.7"/>
    <property name="file.encoding" value="Cp1251"/>
    <property name="user.name" value="Karyna_Tarasenko"/>
    <property name="java.class.path" value="C:\Users\Karyna_Tarasenko@epam.com\Documents\GitHub\framework0811-master\framework0811-master\target\test-classes;C:\Users\Karyna_Tarasenko@epam.com\Documents\GitHub\framework0811-master\framework0811-master\target\classes;C:\Users\Karyna_Tarasenko@epam.com\.m2\repository\org\apache\maven\plugins\maven-surefire-plugin\2.16\maven-surefire-plugin-2.16.jar;C:\Users\Karyna_Tarasenko@epam.com\.m2\repository\org\apache\maven\maven-plugin-api\2.0.9\maven-plugin-api-2.0.9.jar;C:\Users\Karyna_Tarasenko@epam.com\.m2\repository\org\apache\maven\surefire\maven-surefire-common\2.16\maven-surefire-common-2.16.jar;C:\Users\Karyna_Tarasenko@epam.com\.m2\repository\org\apache\maven\surefire\surefire-booter\2.16\surefire-booter-2.16.jar;C:\Users\Karyna_Tarasenko@epam.com\.m2\repository\org\apache\maven\maven-artifact\2.0.9\maven-artifact-2.0.9.jar;C:\Users\Karyna_Tarasenko@epam.com\.m2\repository\org\codehaus\plexus\plexus-utils\1.5.1\plexus-utils-1.5.1.jar;C:\Users\Karyna_Tarasenko@epam.com\.m2\repository\org\apache\maven\maven-plugin-descriptor\2.0.9\maven-plugin-descriptor-2.0.9.jar;C:\Users\Karyna_Tarasenko@epam.com\.m2\repository\org\codehaus\plexus\plexus-container-default\1.0-alpha-9-stable-1\plexus-container-default-1.0-alpha-9-stable-1.jar;C:\Users\Karyna_Tarasenko@epam.com\.m2\repository\org\apache\maven\maven-project\2.0.9\maven-project-2.0.9.jar;C:\Users\Karyna_Tarasenko@epam.com\.m2\repository\org\apache\maven\maven-settings\2.0.9\maven-settings-2.0.9.jar;C:\Users\Karyna_Tarasenko@epam.com\.m2\repository\org\apache\maven\maven-profile\2.0.9\maven-profile-2.0.9.jar;C:\Users\Karyna_Tarasenko@epam.com\.m2\repository\org\apache\maven\maven-artifact-manager\2.0.9\maven-artifact-manager-2.0.9.jar;C:\Users\Karyna_Tarasenko@epam.com\.m2\repository\org\apache\maven\maven-plugin-registry\2.0.9\maven-plugin-registry-2.0.9.jar;C:\Users\Karyna_Tarasenko@epam.com\.m2\repository\org\apache\maven\maven-model\2.0.9\maven-model-2.0.9.jar;C:\Users\Karyna_Tarasenko@epam.com\.m2\repository\org\apache\maven\maven-core\2.0.9\maven-core-2.0.9.jar;C:\Users\Karyna_Tarasenko@epam.com\.m2\repository\org\apache\maven\maven-plugin-parameter-documenter\2.0.9\maven-plugin-parameter-documenter-2.0.9.jar;C:\Users\Karyna_Tarasenko@epam.com\.m2\repository\org\apache\maven\reporting\maven-reporting-api\2.0.9\maven-reporting-api-2.0.9.jar;C:\Users\Karyna_Tarasenko@epam.com\.m2\repository\org\apache\maven\wagon\wagon-provider-api\1.0-beta-2\wagon-provider-api-1.0-beta-2.jar;C:\Users\Karyna_Tarasenko@epam.com\.m2\repository\org\apache\maven\maven-repository-metadata\2.0.9\maven-repository-metadata-2.0.9.jar;C:\Users\Karyna_Tarasenko@epam.com\.m2\repository\org\apache\maven\maven-error-diagnostics\2.0.9\maven-error-diagnostics-2.0.9.jar;C:\Users\Karyna_Tarasenko@epam.com\.m2\repository\org\apache\maven\maven-monitor\2.0.9\maven-monitor-2.0.9.jar;C:\Users\Karyna_Tarasenko@epam.com\.m2\repository\classworlds\classworlds\1.1\classworlds-1.1.jar;C:\Users\Karyna_Tarasenko@epam.com\.m2\repository\org\apache\commons\commons-lang3\3.1\commons-lang3-3.1.jar;C:\Users\Karyna_Tarasenko@epam.com\.m2\repository\org\apache\maven\surefire\surefire-api\2.16\surefire-api-2.16.jar;C:\Users\Karyna_Tarasenko@epam.com\.m2\repository\org\apache\maven\maven-toolchain\2.0.9\maven-toolchain-2.0.9.jar;C:\Users\Karyna_Tarasenko@epam.com\.m2\repository\org\apache\maven\plugin-tools\maven-plugin-annotations\3.2\maven-plugin-annotations-3.2.jar;C:\Users\Karyna_Tarasenko@epam.com\.m2\repository\org\seleniumhq\selenium\jetty-repacked\7.6.1\jetty-repacked-7.6.1.jar;C:\Users\Karyna_Tarasenko@epam.com\.m2\repository\org\seleniumhq\selenium\selenium-server\2.35.0\selenium-server-2.35.0.jar;C:\Users\Karyna_Tarasenko@epam.com\.m2\repository\org\bouncycastle\bcprov-jdk15on\1.48\bcprov-jdk15on-1.48.jar;C:\Users\Karyna_Tarasenko@epam.com\.m2\repository\org\bouncycastle\bcpkix-jdk15on\1.48\bcpkix-jdk15on-1.48.jar;C:\Users\Karyna_Tarasenko@epam.com\.m2\repository\mx4j\mx4j-tools\3.0.1\mx4j-tools-3.0.1.jar;C:\Users\Karyna_Tarasenko@epam.com\.m2\repository\org\mortbay\jetty\servlet-api-2.5\6.1.9\servlet-api-2.5-6.1.9.jar;C:\Users\Karyna_Tarasenko@epam.com\.m2\repository\net\jcip\jcip-annotations\1.0\jcip-annotations-1.0.jar;C:\Users\Karyna_Tarasenko@epam.com\.m2\repository\org\seleniumhq\selenium\selenium-java\2.35.0\selenium-java-2.35.0.jar;C:\Users\Karyna_Tarasenko@epam.com\.m2\repository\org\seleniumhq\selenium\selenium-android-driver\2.35.0\selenium-android-driver-2.35.0.jar;C:\Users\Karyna_Tarasenko@epam.com\.m2\repository\org\seleniumhq\selenium\selenium-remote-driver\2.35.0\selenium-remote-driver-2.35.0.jar;C:\Users\Karyna_Tarasenko@epam.com\.m2\repository\cglib\cglib-nodep\2.1_3\cglib-nodep-2.1_3.jar;C:\Users\Karyna_Tarasenko@epam.com\.m2\repository\org\json\json\20080701\json-20080701.jar;C:\Users\Karyna_Tarasenko@epam.com\.m2\repository\org\seleniumhq\selenium\selenium-chrome-driver\2.35.0\selenium-chrome-driver-2.35.0.jar;C:\Users\Karyna_Tarasenko@epam.com\.m2\repository\org\seleniumhq\selenium\selenium-htmlunit-driver\2.35.0\selenium-htmlunit-driver-2.35.0.jar;C:\Users\Karyna_Tarasenko@epam.com\.m2\repository\net\sourceforge\htmlunit\htmlunit\2.12\htmlunit-2.12.jar;C:\Users\Karyna_Tarasenko@epam.com\.m2\repository\xalan\xalan\2.7.1\xalan-2.7.1.jar;C:\Users\Karyna_Tarasenko@epam.com\.m2\repository\xalan\serializer\2.7.1\serializer-2.7.1.jar;C:\Users\Karyna_Tarasenko@epam.com\.m2\repository\commons-collections\commons-collections\3.2.1\commons-collections-3.2.1.jar;C:\Users\Karyna_Tarasenko@epam.com\.m2\repository\org\apache\httpcomponents\httpmime\4.2.3\httpmime-4.2.3.jar;C:\Users\Karyna_Tarasenko@epam.com\.m2\repository\net\sourceforge\htmlunit\htmlunit-core-js\2.12\htmlunit-core-js-2.12.jar;C:\Users\Karyna_Tarasenko@epam.com\.m2\repository\xerces\xercesImpl\2.10.0\xercesImpl-2.10.0.jar;C:\Users\Karyna_Tarasenko@epam.com\.m2\repository\xml-apis\xml-apis\1.4.01\xml-apis-1.4.01.jar;C:\Users\Karyna_Tarasenko@epam.com\.m2\repository\net\sourceforge\nekohtml\nekohtml\1.9.18\nekohtml-1.9.18.jar;C:\Users\Karyna_Tarasenko@epam.com\.m2\repository\net\sourceforge\cssparser\cssparser\0.9.9\cssparser-0.9.9.jar;C:\Users\Karyna_Tarasenko@epam.com\.m2\repository\org\w3c\css\sac\1.3\sac-1.3.jar;C:\Users\Karyna_Tarasenko@epam.com\.m2\repository\commons-logging\commons-logging\1.1.1\commons-logging-1.1.1.jar;C:\Users\Karyna_Tarasenko@epam.com\.m2\repository\org\eclipse\jetty\jetty-websocket\8.1.9.v20130131\jetty-websocket-8.1.9.v20130131.jar;C:\Users\Karyna_Tarasenko@epam.com\.m2\repository\org\eclipse\jetty\jetty-util\8.1.9.v20130131\jetty-util-8.1.9.v20130131.jar;C:\Users\Karyna_Tarasenko@epam.com\.m2\repository\org\eclipse\jetty\jetty-io\8.1.9.v20130131\jetty-io-8.1.9.v20130131.jar;C:\Users\Karyna_Tarasenko@epam.com\.m2\repository\org\eclipse\jetty\jetty-http\8.1.9.v20130131\jetty-http-8.1.9.v20130131.jar;C:\Users\Karyna_Tarasenko@epam.com\.m2\repository\org\apache\httpcomponents\httpclient\4.2.1\httpclient-4.2.1.jar;C:\Users\Karyna_Tarasenko@epam.com\.m2\repository\org\apache\httpcomponents\httpcore\4.2.1\httpcore-4.2.1.jar;C:\Users\Karyna_Tarasenko@epam.com\.m2\repository\org\seleniumhq\selenium\selenium-firefox-driver\2.35.0\selenium-firefox-driver-2.35.0.jar;C:\Users\Karyna_Tarasenko@epam.com\.m2\repository\commons-io\commons-io\2.2\commons-io-2.2.jar;C:\Users\Karyna_Tarasenko@epam.com\.m2\repository\org\seleniumhq\selenium\selenium-ie-driver\2.35.0\selenium-ie-driver-2.35.0.jar;C:\Users\Karyna_Tarasenko@epam.com\.m2\repository\net\java\dev\jna\jna\3.4.0\jna-3.4.0.jar;C:\Users\Karyna_Tarasenko@epam.com\.m2\repository\net\java\dev\jna\platform\3.4.0\platform-3.4.0.jar;C:\Users\Karyna_Tarasenko@epam.com\.m2\repository\org\seleniumhq\selenium\selenium-iphone-driver\2.35.0\selenium-iphone-driver-2.35.0.jar;C:\Users\Karyna_Tarasenko@epam.com\.m2\repository\org\seleniumhq\selenium\selenium-safari-driver\2.35.0\selenium-safari-driver-2.35.0.jar;C:\Users\Karyna_Tarasenko@epam.com\.m2\repository\org\seleniumhq\selenium\selenium-support\2.35.0\selenium-support-2.35.0.jar;C:\Users\Karyna_Tarasenko@epam.com\.m2\repository\org\seleniumhq\selenium\selenium-api\2.35.0\selenium-api-2.35.0.jar;C:\Users\Karyna_Tarasenko@epam.com\.m2\repository\org\webbitserver\webbit\0.4.14\webbit-0.4.14.jar;C:\Users\Karyna_Tarasenko@epam.com\.m2\repository\io\netty\netty\3.5.2.Final\netty-3.5.2.Final.jar;C:\Users\Karyna_Tarasenko@epam.com\.m2\repository\org\yaml\snakeyaml\1.8\snakeyaml-1.8.jar;C:\Users\Karyna_Tarasenko@epam.com\.m2\repository\commons-codec\commons-codec\1.6\commons-codec-1.6.jar;C:\Users\Karyna_Tarasenko@epam.com\.m2\repository\org\apache\poi\poi\3.10-beta2\poi-3.10-beta2.jar;C:\Users\Karyna_Tarasenko@epam.com\.m2\repository\com\opera\operadriver\1.5\operadriver-1.5.jar;C:\Users\Karyna_Tarasenko@epam.com\.m2\repository\com\opera\operalaunchers\1.1\operalaunchers-1.1.jar;C:\Users\Karyna_Tarasenko@epam.com\.m2\repository\com\google\protobuf\protobuf-java\2.4.1\protobuf-java-2.4.1.jar;C:\Users\Karyna_Tarasenko@epam.com\.m2\repository\com\google\guava\guava\14.0\guava-14.0.jar;C:\Users\Karyna_Tarasenko@epam.com\.m2\repository\commons-jxpath\commons-jxpath\1.3\commons-jxpath-1.3.jar;C:\Users\Karyna_Tarasenko@epam.com\.m2\repository\org\apache\commons\commons-exec\1.1\commons-exec-1.1.jar;C:\Users\Karyna_Tarasenko@epam.com\.m2\repository\org\ini4j\ini4j\0.5.2\ini4j-0.5.2.jar;C:\Users\Karyna_Tarasenko@epam.com\.m2\repository\org\seleniumhq\webdriver\webdriver-common\0.9.7089\webdriver-common-0.9.7089.jar;C:\Users\Karyna_Tarasenko@epam.com\.m2\repository\org\seleniumhq\webdriver\webdriver-selenium\0.9.7376\webdriver-selenium-0.9.7376.jar;C:\Users\Karyna_Tarasenko@epam.com\.m2\repository\org\seleniumhq\selenium\client-drivers\selenium-java-client-driver\1.0.1\selenium-java-client-driver-1.0.1.jar;C:\Users\Karyna_Tarasenko@epam.com\.m2\repository\org\apache\maven\surefire\surefire-junit\2.4.2\surefire-junit-2.4.2.jar;C:\Users\Karyna_Tarasenko@epam.com\.m2\repository\jexcelapi\jxl\2.4.2\jxl-2.4.2.jar;C:\Users\Karyna_Tarasenko@epam.com\.m2\repository\org\testng\testng\6.1.1\testng-6.1.1.jar;C:\Users\Karyna_Tarasenko@epam.com\.m2\repository\org\beanshell\bsh\2.0b4\bsh-2.0b4.jar;C:\Users\Karyna_Tarasenko@epam.com\.m2\repository\com\beust\jcommander\1.12\jcommander-1.12.jar;C:\Users\Karyna_Tarasenko@epam.com\.m2\repository\junit\junit\4.8.1\junit-4.8.1.jar;C:\Users\Karyna_Tarasenko@epam.com\.m2\repository\org\fitnesse\fitnesse\20081201\fitnesse-20081201.jar;C:\Users\Karyna_Tarasenko@epam.com\.m2\repository\org\uncommons\reportng\1.1.2\reportng-1.1.2.jar;C:\Users\Karyna_Tarasenko@epam.com\.m2\repository\velocity\velocity\1.4\velocity-1.4.jar;C:\Users\Karyna_Tarasenko@epam.com\.m2\repository\velocity\velocity-dep\1.4\velocity-dep-1.4.jar;C:\Users\Karyna_Tarasenko@epam.com\.m2\repository\com\google\inject\guice\3.0\guice-3.0.jar;C:\Users\Karyna_Tarasenko@epam.com\.m2\repository\javax\inject\javax.inject\1\javax.inject-1.jar;C:\Users\Karyna_Tarasenko@epam.com\.m2\repository\aopalliance\aopalliance\1.0\aopalliance-1.0.jar;"/>
    <property name="java.vm.specification.version" value="1.7"/>
    <property name="sun.arch.data.model" value="32"/>
    <property name="java.home" value="C:\Program Files\Java\jre7"/>
    <property name="sun.java.command" value="C:\Users\KARYNA~1.COM\AppData\Local\Temp\surefirebooter5358987636456638313.jar C:\Users\KARYNA~1.COM\AppData\Local\Temp\surefire2655877411383255299tmp C:\Users\KARYNA~1.COM\AppData\Local\Temp\surefire4649904698778215431tmp"/>
    <property name="java.specification.vendor" value="Oracle Corporation"/>
    <property name="user.language" value="en"/>
    <property name="user.language.format" value="ru"/>
    <property name="awt.toolkit" value="sun.awt.windows.WToolkit"/>
    <property name="java.vm.info" value="mixed mode, sharing"/>
    <property name="java.version" value="1.7.0_25"/>
    <property name="java.ext.dirs" value="C:\Program Files\Java\jre7\lib\ext;C:\WINDOWS\Sun\Java\lib\ext"/>
    <property name="sun.boot.class.path" value="C:\Program Files\Java\jre7\lib\resources.jar;C:\Program Files\Java\jre7\lib\rt.jar;C:\Program Files\Java\jre7\lib\sunrsasign.jar;C:\Program Files\Java\jre7\lib\jsse.jar;C:\Program Files\Java\jre7\lib\jce.jar;C:\Program Files\Java\jre7\lib\charsets.jar;C:\Program Files\Java\jre7\lib\jfr.jar;C:\Program Files\Java\jre7\classes"/>
    <property name="java.vendor" value="Oracle Corporation"/>
    <property name="localRepository" value="C:\Users\Karyna_Tarasenko@epam.com\.m2\repository"/>
    <property name="file.separator" value="\"/>
    <property name="java.vendor.url.bug" value="http://bugreport.sun.com/bugreport/"/>
    <property name="sun.cpu.endian" value="little"/>
    <property name="sun.io.unicode.encoding" value="UnicodeLittle"/>
    <property name="sun.desktop" value="windows"/>
    <property name="sun.cpu.isalist" value="pentium_pro+mmx pentium_pro pentium+mmx pentium i486 i386 i86"/>
  </properties>
  <testcase time="16.913" classname="com.epam.preproduction.tests.SortingTest" name="testSortingByName"/>
  <testcase time="33.416" classname="com.epam.preproduction.tests.SortingTest" name="testSortingByPrice">
    <failure message="Unable to locate element: {&quot;method&quot;:&quot;xpath&quot;,&quot;selector&quot;:&quot;//a[contains(@href,&apos;sort=pricee&apos;)]&quot;}
Command duration or timeout: 31.15 seconds
For documentation on this error, please visit: http://seleniumhq.org/exceptions/no_such_element.html
Build info: version: &apos;2.35.0&apos;, revision: &apos;8df0c6bedf70ff9f22c647788f9fe9c8d22210e2&apos;, time: &apos;2013-08-17 12:46:41&apos;
System info: os.name: &apos;Windows 7&apos;, os.arch: &apos;x86&apos;, os.version: &apos;6.1&apos;, java.version: &apos;1.7.0_25&apos;
Session ID: 19c2457b-36d2-4837-b33d-48b051ba68c0
Driver info: org.openqa.selenium.firefox.FirefoxDriver
Capabilities [{platform=XP, databaseEnabled=true, cssSelectorsEnabled=true, javascriptEnabled=true, acceptSslCerts=true, handlesAlerts=true, browserName=firefox, browserConnectionEnabled=true, nativeEvents=true, webStorageEnabled=true, rotatable=false, locationContextEnabled=true, applicationCacheEnabled=true, takesScreenshot=true, version=25.0}]" type="org.openqa.selenium.NoSuchElementException">org.openqa.selenium.NoSuchElementException: Unable to locate element: {&quot;method&quot;:&quot;xpath&quot;,&quot;selector&quot;:&quot;//a[contains(@href,&apos;sort=pricee&apos;)]&quot;}
Command duration or timeout: 31.15 seconds
For documentation on this error, please visit: http://seleniumhq.org/exceptions/no_such_element.html
Build info: version: &apos;2.35.0&apos;, revision: &apos;8df0c6bedf70ff9f22c647788f9fe9c8d22210e2&apos;, time: &apos;2013-08-17 12:46:41&apos;
System info: os.name: &apos;Windows 7&apos;, os.arch: &apos;x86&apos;, os.version: &apos;6.1&apos;, java.version: &apos;1.7.0_25&apos;
Session ID: 19c2457b-36d2-4837-b33d-48b051ba68c0
Driver info: org.openqa.selenium.firefox.FirefoxDriver
Capabilities [{platform=XP, databaseEnabled=true, cssSelectorsEnabled=true, javascriptEnabled=true, acceptSslCerts=true, handlesAlerts=true, browserName=firefox, browserConnectionEnabled=true, nativeEvents=true, webStorageEnabled=true, rotatable=false, locationContextEnabled=true, applicationCacheEnabled=true, takesScreenshot=true, version=25.0}]
	at sun.reflect.NativeConstructorAccessorImpl.newInstance0(Native Method)
	at sun.reflect.NativeConstructorAccessorImpl.newInstance(Unknown Source)
	at sun.reflect.DelegatingConstructorAccessorImpl.newInstance(Unknown Source)
	at java.lang.reflect.Constructor.newInstance(Unknown Source)
	at org.openqa.selenium.remote.ErrorHandler.createThrowable(ErrorHandler.java:191)
	at org.openqa.selenium.remote.ErrorHandler.throwIfResponseFailed(ErrorHandler.java:145)
	at org.openqa.selenium.remote.RemoteWebDriver.execute(RemoteWebDriver.java:554)
	at org.openqa.selenium.remote.RemoteWebDriver.findElement(RemoteWebDriver.java:307)
	at org.openqa.selenium.remote.RemoteWebDriver.findElementByXPath(RemoteWebDriver.java:404)
	at org.openqa.selenium.By$ByXPath.findElement(By.java:344)
	at org.openqa.selenium.remote.RemoteWebDriver.findElement(RemoteWebDriver.java:299)
	at org.openqa.selenium.support.pagefactory.DefaultElementLocator.findElement(DefaultElementLocator.java:59)
	at org.openqa.selenium.support.pagefactory.internal.LocatingElementHandler.invoke(LocatingElementHandler.java:34)
	at com.sun.proxy.$Proxy8.click(Unknown Source)
	at com.epam.preproduction.components.SortingLine.sortByPrice(SortingLine.java:31)
	at com.epam.preproduction.helpers.SortingTestHelper.verifySortingItemsByPrices(SortingTestHelper.java:25)
	at com.epam.preproduction.tests.SortingTest.testSortingByPrice(SortingTest.java:42)
Caused by: org.openqa.selenium.remote.ErrorHandler$UnknownServerException: Unable to locate element: {&quot;method&quot;:&quot;xpath&quot;,&quot;selector&quot;:&quot;//a[contains(@href,&apos;sort=pricee&apos;)]&quot;}
Build info: version: &apos;2.35.0&apos;, revision: &apos;8df0c6bedf70ff9f22c647788f9fe9c8d22210e2&apos;, time: &apos;2013-08-17 12:46:41&apos;
System info: os.name: &apos;Windows 7&apos;, os.arch: &apos;x86&apos;, os.version: &apos;6.1&apos;, java.version: &apos;1.7.0_25&apos;
Driver info: driver.version: unknown
	at &lt;anonymous class&gt;.FirefoxDriver.prototype.findElementInternal_(file:///C:/Users/KARYNA~1.COM/AppData/Local/Temp/anonymous1542727962414048678webdriver-profile/extensions/fxdriver@googlecode.com/components/driver_component.js:8880)
	at &lt;anonymous class&gt;.fxdriver.Timer.prototype.setTimeout/&lt;.notify(file:///C:/Users/KARYNA~1.COM/AppData/Local/Temp/anonymous1542727962414048678webdriver-profile/extensions/fxdriver@googlecode.com/components/driver_component.js:396)
</failure>
  </testcase>
</testsuite>